app/build/outputs/logs/manifest-merger-debug-report.txt
-- Merging decision tree log ---
manifest
ADDED from src\main\AndroidManifest.xml:22:1-227:12
	package
		ADDED from src\main\AndroidManifest.xml:23:5-42
		INJECTED from src\main\AndroidManifest.xml
		INJECTED from src\main\AndroidManifest.xml
	xmlns:android
		ADDED from src\main\AndroidManifest.xml:22:11-69
uses-sdk
ADDED from src\main\AndroidManifest.xml:25:5-44
MERGED from [com.android.support:appcompat-v7:23.4.0] AndroidManifest.xml:21:5-23:78
MERGED from [com.android.support:animated-vector-drawable:23.4.0] AndroidManifest.xml:5:5-44
MERGED from [com.android.support:support-vector-drawable:23.4.0] AndroidManifest.xml:5:5-43
MERGED from [NotePad-master-extend:library:unspecified] AndroidManifest.xml:6:5-8:41
MERGED from [com.android.support:recyclerview-v7:25.2.0] AndroidManifest.xml:20:5-43
MERGED from [com.android.support:support-v4:25.2.0] AndroidManifest.xml:21:5-23:54
MERGED from [com.android.support:support-fragment:25.2.0] AndroidManifest.xml:21:5-23:60
MERGED from [com.android.support:support-media-compat:25.2.0] AndroidManifest.xml:21:5-23:63
MERGED from [com.android.support:support-core-ui:25.2.0] AndroidManifest.xml:21:5-23:58
MERGED from [com.android.support:support-core-utils:25.2.0] AndroidManifest.xml:21:5-23:61
MERGED from [com.android.support:support-compat:25.2.0] AndroidManifest.xml:21:5-23:58
	tools:overrideLibrary
		ADDED from [com.android.support:appcompat-v7:23.4.0] AndroidManifest.xml:23:9-75
	android:targetSdkVersion
		INJECTED from src\main\AndroidManifest.xml
		INJECTED from src\main\AndroidManifest.xml
	android:minSdkVersion
		ADDED from src\main\AndroidManifest.xml:25:15-41
		INJECTED from src\main\AndroidManifest.xml
		INJECTED from src\main\AndroidManifest.xml
uses-permission#android.permission.MOUNT_UNMOUNT_FILESYSTEMS
ADDED from src\main\AndroidManifest.xml:28:5-84
	android:name
		ADDED from src\main\AndroidManifest.xml:28:22-81
uses-permission#android.permission.WRITE_EXTERNAL_STORAGE
ADDED from src\main\AndroidManifest.xml:30:5-81
	android:name
		ADDED from src\main\AndroidManifest.xml:30:22-78
uses-permission#android.permission.READ_PHONE_STATE
ADDED from src\main\AndroidManifest.xml:31:5-75
	android:name
		ADDED from src\main\AndroidManifest.xml:31:22-72
uses-permission#android.permission.READ_EXTERNAL_STORAGE
ADDED from src\main\AndroidManifest.xml:32:5-80
	android:name
		ADDED from src\main\AndroidManifest.xml:32:22-77
application
ADDED from src\main\AndroidManifest.xml:34:5-225:19
MERGED from [com.android.support:appcompat-v7:23.4.0] AndroidManifest.xml:25:5-20
MERGED from [com.android.support:animated-vector-drawable:23.4.0] AndroidManifest.xml:7:5-20
MERGED from [com.android.support:support-vector-drawable:23.4.0] AndroidManifest.xml:7:5-20
MERGED from [NotePad-master-extend:library:unspecified] AndroidManifest.xml:10:5-20
MERGED from [com.android.support:support-v4:25.2.0] AndroidManifest.xml:25:5-20
MERGED from [com.android.support:support-fragment:25.2.0] AndroidManifest.xml:25:5-20
MERGED from [com.android.support:support-media-compat:25.2.0] AndroidManifest.xml:25:5-20
MERGED from [com.android.support:support-core-ui:25.2.0] AndroidManifest.xml:25:5-20
MERGED from [com.android.support:support-core-utils:25.2.0] AndroidManifest.xml:25:5-20
MERGED from [com.android.support:support-compat:25.2.0] AndroidManifest.xml:25:5-20
	android:label
		ADDED from src\main\AndroidManifest.xml:36:9-41
	android:icon
		ADDED from src\main\AndroidManifest.xml:35:9-43
	android:theme
		ADDED from src\main\AndroidManifest.xml:37:9-62
provider#com.example.android.notepad.NotePadProvider
ADDED from src\main\AndroidManifest.xml:38:9-43:20
	android:authorities
		ADDED from src\main\AndroidManifest.xml:40:13-62
	android:exported
		ADDED from src\main\AndroidManifest.xml:41:13-37
	android:name
		ADDED from src\main\AndroidManifest.xml:39:13-44
grant-uri-permission
ADDED from src\main\AndroidManifest.xml:42:13-62
	android:pathPattern
		ADDED from src\main\AndroidManifest.xml:42:35-59
activity#com.example.android.notepad.NotesList
ADDED from src\main\AndroidManifest.xml:45:9-69:20
	android:label
		ADDED from src\main\AndroidManifest.xml:48:13-53
	android:icon
		ADDED from src\main\AndroidManifest.xml:47:13-47
	android:theme
		ADDED from src\main\AndroidManifest.xml:49:13-74
	android:name
		ADDED from src\main\AndroidManifest.xml:46:13-38
intent-filter#android.intent.action.MAIN+android.intent.category.LAUNCHER
ADDED from src\main\AndroidManifest.xml:50:13-54:29
action#android.intent.action.MAIN
ADDED from src\main\AndroidManifest.xml:51:17-69
	android:name
		ADDED from src\main\AndroidManifest.xml:51:25-66
category#android.intent.category.LAUNCHER
ADDED from src\main\AndroidManifest.xml:53:17-77
	android:name
		ADDED from src\main\AndroidManifest.xml:53:27-74
intent-filter#android.intent.action.EDIT+android.intent.action.PICK+android.intent.action.VIEW+android.intent.category.DEFAULT
ADDED from src\main\AndroidManifest.xml:55:13-63:29
action#android.intent.action.VIEW
ADDED from src\main\AndroidManifest.xml:56:17-69
	android:name
		ADDED from src\main\AndroidManifest.xml:56:25-66
action#android.intent.action.EDIT
ADDED from src\main\AndroidManifest.xml:57:17-69
	android:name
		ADDED from src\main\AndroidManifest.xml:57:25-66
action#android.intent.action.PICK
ADDED from src\main\AndroidManifest.xml:58:17-69
	android:name
		ADDED from src\main\AndroidManifest.xml:58:25-66
category#android.intent.category.DEFAULT
ADDED from src\main\AndroidManifest.xml:60:17-76
	android:name
		ADDED from src\main\AndroidManifest.xml:60:27-73
data
ADDED from src\main\AndroidManifest.xml:62:17-83
	android:mimeType
		ADDED from src\main\AndroidManifest.xml:62:23-80
intent-filter#android.intent.action.GET_CONTENT+android.intent.category.DEFAULT
ADDED from src\main\AndroidManifest.xml:64:13-68:29
action#android.intent.action.GET_CONTENT
ADDED from src\main\AndroidManifest.xml:65:17-76
	android:name
		ADDED from src\main\AndroidManifest.xml:65:25-73
activity#com.example.android.notepad.NoteEditor
ADDED from src\main\AndroidManifest.xml:70:9-105:20
	android:screenOrientation
		ADDED from src\main\AndroidManifest.xml:74:13-47
	android:configChanges
		ADDED from src\main\AndroidManifest.xml:72:13-63
	android:icon
		ADDED from src\main\AndroidManifest.xml:73:13-51
	android:theme
		ADDED from src\main\AndroidManifest.xml:75:13-74
	android:name
		ADDED from src\main\AndroidManifest.xml:71:13-39
intent-filter#android.intent.action.EDIT+android.intent.action.VIEW+android.intent.category.DEFAULT+com.android.notepad.action.EDIT_NOTE
ADDED from src\main\AndroidManifest.xml:81:13-89:29
	android:label
		ADDED from src\main\AndroidManifest.xml:81:28-64
action#com.android.notepad.action.EDIT_NOTE
ADDED from src\main\AndroidManifest.xml:84:17-79
	android:name
		ADDED from src\main\AndroidManifest.xml:84:25-76
intent-filter#android.intent.action.INSERT+android.intent.action.PASTE+android.intent.category.DEFAULT
ADDED from src\main\AndroidManifest.xml:97:13-104:29
action#android.intent.action.INSERT
ADDED from src\main\AndroidManifest.xml:98:17-71
	android:name
		ADDED from src\main\AndroidManifest.xml:98:25-68
action#android.intent.action.PASTE
ADDED from src\main\AndroidManifest.xml:99:17-70
	android:name
		ADDED from src\main\AndroidManifest.xml:99:25-67
activity#com.example.android.notepad.TitleEditor
ADDED from src\main\AndroidManifest.xml:106:9-142:20
	android:label
		ADDED from src\main\AndroidManifest.xml:109:13-53
	android:windowSoftInputMode
		ADDED from src\main\AndroidManifest.xml:111:13-55
	android:icon
		ADDED from src\main\AndroidManifest.xml:108:13-53
	android:theme
		ADDED from src\main\AndroidManifest.xml:110:13-67
	android:name
		ADDED from src\main\AndroidManifest.xml:107:13-40
intent-filter#android.intent.category.ALTERNATIVE+android.intent.category.DEFAULT+android.intent.category.SELECTED_ALTERNATIVE+com.android.notepad.action.EDIT_TITLE
ADDED from src\main\AndroidManifest.xml:119:13-141:29
	android:label
		ADDED from src\main\AndroidManifest.xml:119:28-65
action#com.android.notepad.action.EDIT_TITLE
ADDED from src\main\AndroidManifest.xml:126:17-80
	android:name
		ADDED from src\main\AndroidManifest.xml:126:25-77
category#android.intent.category.ALTERNATIVE
ADDED from src\main\AndroidManifest.xml:133:17-80
	android:name
		ADDED from src\main\AndroidManifest.xml:133:27-77
category#android.intent.category.SELECTED_ALTERNATIVE
ADDED from src\main\AndroidManifest.xml:138:17-89
	android:name
		ADDED from src\main\AndroidManifest.xml:138:27-86
activity#com.example.android.notepad.NotesLiveFolder
ADDED from src\main\AndroidManifest.xml:143:9-152:20
	android:label
		ADDED from src\main\AndroidManifest.xml:146:13-53
	android:icon
		ADDED from src\main\AndroidManifest.xml:145:13-55
	android:name
		ADDED from src\main\AndroidManifest.xml:144:13-44
intent-filter#android.intent.action.CREATE_LIVE_FOLDER+android.intent.category.DEFAULT
ADDED from src\main\AndroidManifest.xml:147:13-151:29
action#android.intent.action.CREATE_LIVE_FOLDER
ADDED from src\main\AndroidManifest.xml:148:17-83
	android:name
		ADDED from src\main\AndroidManifest.xml:148:25-80
activity#com.example.android.notepad.NoteSearcher
ADDED from src\main\AndroidManifest.xml:153:9-176:20
	android:label
		ADDED from src\main\AndroidManifest.xml:156:13-54
	android:icon
		ADDED from src\main\AndroidManifest.xml:155:13-52
	android:theme
		ADDED from src\main\AndroidManifest.xml:157:13-74
	android:name
		ADDED from src\main\AndroidManifest.xml:154:13-41
intent-filter#android.intent.action.SEARCH+android.intent.category.DEFAULT
ADDED from src\main\AndroidManifest.xml:169:13-175:29
action#android.intent.action.SEARCH
ADDED from src\main\AndroidManifest.xml:170:17-71
	android:name
		ADDED from src\main\AndroidManifest.xml:170:25-68
activity#com.example.android.notepad.NoteExport
ADDED from src\main\AndroidManifest.xml:177:9-206:20
	android:label
		ADDED from src\main\AndroidManifest.xml:180:13-56
	android:windowSoftInputMode
		ADDED from src\main\AndroidManifest.xml:182:13-55
	android:icon
		ADDED from src\main\AndroidManifest.xml:179:13-50
	android:theme
		ADDED from src\main\AndroidManifest.xml:181:13-67
	android:name
		ADDED from src\main\AndroidManifest.xml:178:13-39
intent-filter#android.intent.category.ALTERNATIVE+android.intent.category.DEFAULT+android.intent.category.SELECTED_ALTERNATIVE+com.android.notepad.action.EXPORT_NOTE
ADDED from src\main\AndroidManifest.xml:183:13-205:29
	android:label
		ADDED from src\main\AndroidManifest.xml:183:28-71
action#com.android.notepad.action.EXPORT_NOTE
ADDED from src\main\AndroidManifest.xml:190:17-81
	android:name
		ADDED from src\main\AndroidManifest.xml:190:25-78
activity#com.example.android.notepad.NoteChangeColor
ADDED from src\main\AndroidManifest.xml:207:9-224:20
	android:label
		ADDED from src\main\AndroidManifest.xml:208:13-47
	android:windowSoftInputMode
		ADDED from src\main\AndroidManifest.xml:210:13-55
	android:theme
		ADDED from src\main\AndroidManifest.xml:209:13-61
	android:name
		ADDED from src\main\AndroidManifest.xml:207:19-50
intent-filter#android.intent.action.EDIT_BACKGROUND+android.intent.category.DEFAULT
ADDED from src\main\AndroidManifest.xml:211:13-223:29
action#android.intent.action.EDIT_BACKGROUND
ADDED from src\main\AndroidManifest.xml:212:17-87
	android:name
		ADDED from src\main\AndroidManifest.xml:212:25-77